W, [2013-12-15T13:42:35.905876 #7689]  WARN -- : Overwriting existing field impressionable_id in class Impression.
W, [2013-12-15T13:42:35.906443 #7689]  WARN -- : Overwriting existing field impressionable_type in class Impression.
W, [2013-12-15T13:48:39.093692 #7909]  WARN -- : Overwriting existing field impressionable_id in class Impression.
W, [2013-12-15T13:48:39.094238 #7909]  WARN -- : Overwriting existing field impressionable_type in class Impression.
W, [2013-12-15T13:55:13.116961 #8188]  WARN -- : Overwriting existing field impressionable_id in class Impression.
W, [2013-12-15T13:55:13.117510 #8188]  WARN -- : Overwriting existing field impressionable_type in class Impression.
W, [2013-12-15T14:23:39.125454 #8587]  WARN -- : Overwriting existing field impressionable_id in class Impression.
W, [2013-12-15T14:23:39.125989 #8587]  WARN -- : Overwriting existing field impressionable_type in class Impression.
W, [2013-12-15T14:30:53.829826 #8878]  WARN -- : Overwriting existing field impressionable_id in class Impression.
W, [2013-12-15T14:30:53.830480 #8878]  WARN -- : Overwriting existing field impressionable_type in class Impression.
W, [2013-12-15T14:30:59.827122 #8878]  WARN -- : Overwriting existing field parent_id in class PageRelationship.
W, [2013-12-15T14:30:59.828073 #8878]  WARN -- : Overwriting existing field child_id in class PageRelationship.
I, [2013-12-15T14:45:03.814813 #8878]  INFO -- : Started GET "/" for 127.0.0.1 at 2013-12-15 14:45:03 +0800
I, [2013-12-15T14:45:03.976768 #8878]  INFO -- : Processing by PagesController#home_page as HTML
I, [2013-12-15T14:45:04.298297 #8878]  INFO -- : Completed 500 Internal Server Error in 321ms
F, [2013-12-15T14:45:04.306039 #8878] FATAL -- : 
Mongoid::Errors::NoSessionConfig (
Problem:
  No configuration could be found for a session named 'default'.
Summary:
  When attempting to create the new session, Mongoid could not find a session configuration for the name: 'default'. This is necessary in order to know the host, port, and options needed to connect.
Resolution:
  Double check your mongoid.yml to make sure under the sessions key that a configuration exists for 'default'. If you have set the configuration programatically, ensure that 'default' exists in the configuration hash.):
  app/controllers/pages_controller.rb:14:in `home_page'


I, [2013-12-15T14:45:44.564653 #8878]  INFO -- : Started GET "/" for 127.0.0.1 at 2013-12-15 14:45:44 +0800
I, [2013-12-15T14:45:44.569722 #8878]  INFO -- : Processing by PagesController#home_page as HTML
I, [2013-12-15T14:45:44.573529 #8878]  INFO -- : Completed 500 Internal Server Error in 3ms
F, [2013-12-15T14:45:44.578572 #8878] FATAL -- : 
Mongoid::Errors::NoSessionConfig (
Problem:
  No configuration could be found for a session named 'default'.
Summary:
  When attempting to create the new session, Mongoid could not find a session configuration for the name: 'default'. This is necessary in order to know the host, port, and options needed to connect.
Resolution:
  Double check your mongoid.yml to make sure under the sessions key that a configuration exists for 'default'. If you have set the configuration programatically, ensure that 'default' exists in the configuration hash.):
  app/controllers/pages_controller.rb:14:in `home_page'


W, [2013-12-16T07:02:00.620131 #3317]  WARN -- : Overwriting existing field impressionable_id in class Impression.
W, [2013-12-16T07:02:00.630101 #3317]  WARN -- : Overwriting existing field impressionable_type in class Impression.
W, [2013-12-16T07:02:21.483547 #3317]  WARN -- : Overwriting existing field parent_id in class PageRelationship.
W, [2013-12-16T07:02:21.485877 #3317]  WARN -- : Overwriting existing field child_id in class PageRelationship.
W, [2013-12-16T07:34:30.834313 #4442]  WARN -- : Overwriting existing field impressionable_id in class Impression.
W, [2013-12-16T07:34:30.837505 #4442]  WARN -- : Overwriting existing field impressionable_type in class Impression.
W, [2013-12-16T07:35:00.908065 #4442]  WARN -- : Overwriting existing field parent_id in class PageRelationship.
W, [2013-12-16T07:35:00.913659 #4442]  WARN -- : Overwriting existing field child_id in class PageRelationship.
I, [2013-12-16T07:35:16.543441 #4442]  INFO -- : Started GET "/" for 127.0.0.1 at 2013-12-16 07:35:16 +0800
I, [2013-12-16T07:35:16.858404 #4442]  INFO -- : Processing by PagesController#home_page as HTML
I, [2013-12-16T07:35:32.246941 #4442]  INFO -- :   Rendered pages/home_page.html.haml within layouts/page_layout (14.1ms)
I, [2013-12-16T07:35:32.370006 #4442]  INFO -- : Completed 200 OK in 15509ms (Views: 182.1ms | ActiveRecord: 0.0ms)
I, [2013-12-16T07:35:32.937792 #4442]  INFO -- : Started GET "/stylesheets/front.css" for 127.0.0.1 at 2013-12-16 07:35:32 +0800
F, [2013-12-16T07:35:32.960784 #4442] FATAL -- : 
ActionController::RoutingError (No route matches [GET] "/stylesheets/front.css"):
  actionpack (4.0.0) lib/action_dispatch/middleware/debug_exceptions.rb:21:in `call'
  actionpack (4.0.0) lib/action_dispatch/middleware/show_exceptions.rb:30:in `call'
  railties (4.0.0) lib/rails/rack/logger.rb:38:in `call_app'
  railties (4.0.0) lib/rails/rack/logger.rb:21:in `block in call'
  activesupport (4.0.0) lib/active_support/tagged_logging.rb:67:in `block in tagged'
  activesupport (4.0.0) lib/active_support/tagged_logging.rb:25:in `tagged'
  activesupport (4.0.0) lib/active_support/tagged_logging.rb:67:in `tagged'
  railties (4.0.0) lib/rails/rack/logger.rb:21:in `call'
  actionpack (4.0.0) lib/action_dispatch/middleware/request_id.rb:21:in `call'
  rack (1.5.2) lib/rack/methodoverride.rb:21:in `call'
  rack (1.5.2) lib/rack/runtime.rb:17:in `call'
  activesupport (4.0.0) lib/active_support/cache/strategy/local_cache.rb:83:in `call'
  railties (4.0.0) lib/rails/engine.rb:511:in `call'
  railties (4.0.0) lib/rails/application.rb:97:in `call'
  rack (1.5.2) lib/rack/content_length.rb:14:in `call'
  puma (2.6.0) lib/puma/server.rb:486:in `handle_request'
  puma (2.6.0) lib/puma/server.rb:357:in `process_client'
  puma (2.6.0) lib/puma/server.rb:250:in `block in run'
  puma (2.6.0) lib/puma/thread_pool.rb:92:in `call'
  puma (2.6.0) lib/puma/thread_pool.rb:92:in `block in spawn_thread'


I, [2013-12-16T07:35:32.994835 #4442]  INFO -- : Started GET "/javascripts/application.js" for 127.0.0.1 at 2013-12-16 07:35:32 +0800
F, [2013-12-16T07:35:33.016113 #4442] FATAL -- : 
ActionController::RoutingError (No route matches [GET] "/javascripts/application.js"):
  actionpack (4.0.0) lib/action_dispatch/middleware/debug_exceptions.rb:21:in `call'
  actionpack (4.0.0) lib/action_dispatch/middleware/show_exceptions.rb:30:in `call'
  railties (4.0.0) lib/rails/rack/logger.rb:38:in `call_app'
  railties (4.0.0) lib/rails/rack/logger.rb:21:in `block in call'
  activesupport (4.0.0) lib/active_support/tagged_logging.rb:67:in `block in tagged'
  activesupport (4.0.0) lib/active_support/tagged_logging.rb:25:in `tagged'
  activesupport (4.0.0) lib/active_support/tagged_logging.rb:67:in `tagged'
  railties (4.0.0) lib/rails/rack/logger.rb:21:in `call'
  actionpack (4.0.0) lib/action_dispatch/middleware/request_id.rb:21:in `call'
  rack (1.5.2) lib/rack/methodoverride.rb:21:in `call'
  rack (1.5.2) lib/rack/runtime.rb:17:in `call'
  activesupport (4.0.0) lib/active_support/cache/strategy/local_cache.rb:83:in `call'
  railties (4.0.0) lib/rails/engine.rb:511:in `call'
  railties (4.0.0) lib/rails/application.rb:97:in `call'
  rack (1.5.2) lib/rack/content_length.rb:14:in `call'
  puma (2.6.0) lib/puma/server.rb:486:in `handle_request'
  puma (2.6.0) lib/puma/server.rb:357:in `process_client'
  puma (2.6.0) lib/puma/server.rb:250:in `block in run'
  puma (2.6.0) lib/puma/thread_pool.rb:92:in `call'
  puma (2.6.0) lib/puma/thread_pool.rb:92:in `block in spawn_thread'


I, [2013-12-16T07:36:05.572181 #4442]  INFO -- : Started GET "/" for 127.0.0.1 at 2013-12-16 07:36:05 +0800
I, [2013-12-16T07:36:05.599732 #4442]  INFO -- : Processing by PagesController#home_page as HTML
I, [2013-12-16T07:36:20.656288 #4442]  INFO -- :   Rendered pages/home_page.html.haml within layouts/page_layout (1.5ms)
I, [2013-12-16T07:36:20.695490 #4442]  INFO -- : Completed 200 OK in 15093ms (Views: 44.8ms | ActiveRecord: 0.0ms)
I, [2013-12-16T07:36:21.287725 #4442]  INFO -- : Started GET "/stylesheets/front.css" for 127.0.0.1 at 2013-12-16 07:36:21 +0800
F, [2013-12-16T07:36:21.308112 #4442] FATAL -- : 
ActionController::RoutingError (No route matches [GET] "/stylesheets/front.css"):
  actionpack (4.0.0) lib/action_dispatch/middleware/debug_exceptions.rb:21:in `call'
  actionpack (4.0.0) lib/action_dispatch/middleware/show_exceptions.rb:30:in `call'
  railties (4.0.0) lib/rails/rack/logger.rb:38:in `call_app'
  railties (4.0.0) lib/rails/rack/logger.rb:21:in `block in call'
  activesupport (4.0.0) lib/active_support/tagged_logging.rb:67:in `block in tagged'
  activesupport (4.0.0) lib/active_support/tagged_logging.rb:25:in `tagged'
  activesupport (4.0.0) lib/active_support/tagged_logging.rb:67:in `tagged'
  railties (4.0.0) lib/rails/rack/logger.rb:21:in `call'
  actionpack (4.0.0) lib/action_dispatch/middleware/request_id.rb:21:in `call'
  rack (1.5.2) lib/rack/methodoverride.rb:21:in `call'
  rack (1.5.2) lib/rack/runtime.rb:17:in `call'
  activesupport (4.0.0) lib/active_support/cache/strategy/local_cache.rb:83:in `call'
  railties (4.0.0) lib/rails/engine.rb:511:in `call'
  railties (4.0.0) lib/rails/application.rb:97:in `call'
  rack (1.5.2) lib/rack/content_length.rb:14:in `call'
  puma (2.6.0) lib/puma/server.rb:486:in `handle_request'
  puma (2.6.0) lib/puma/server.rb:357:in `process_client'
  puma (2.6.0) lib/puma/server.rb:250:in `block in run'
  puma (2.6.0) lib/puma/thread_pool.rb:92:in `call'
  puma (2.6.0) lib/puma/thread_pool.rb:92:in `block in spawn_thread'


I, [2013-12-16T07:36:21.375158 #4442]  INFO -- : Started GET "/javascripts/application.js" for 127.0.0.1 at 2013-12-16 07:36:21 +0800
F, [2013-12-16T07:36:21.395328 #4442] FATAL -- : 
ActionController::RoutingError (No route matches [GET] "/javascripts/application.js"):
  actionpack (4.0.0) lib/action_dispatch/middleware/debug_exceptions.rb:21:in `call'
  actionpack (4.0.0) lib/action_dispatch/middleware/show_exceptions.rb:30:in `call'
  railties (4.0.0) lib/rails/rack/logger.rb:38:in `call_app'
  railties (4.0.0) lib/rails/rack/logger.rb:21:in `block in call'
  activesupport (4.0.0) lib/active_support/tagged_logging.rb:67:in `block in tagged'
  activesupport (4.0.0) lib/active_support/tagged_logging.rb:25:in `tagged'
  activesupport (4.0.0) lib/active_support/tagged_logging.rb:67:in `tagged'
  railties (4.0.0) lib/rails/rack/logger.rb:21:in `call'
  actionpack (4.0.0) lib/action_dispatch/middleware/request_id.rb:21:in `call'
  rack (1.5.2) lib/rack/methodoverride.rb:21:in `call'
  rack (1.5.2) lib/rack/runtime.rb:17:in `call'
  activesupport (4.0.0) lib/active_support/cache/strategy/local_cache.rb:83:in `call'
  railties (4.0.0) lib/rails/engine.rb:511:in `call'
  railties (4.0.0) lib/rails/application.rb:97:in `call'
  rack (1.5.2) lib/rack/content_length.rb:14:in `call'
  puma (2.6.0) lib/puma/server.rb:486:in `handle_request'
  puma (2.6.0) lib/puma/server.rb:357:in `process_client'
  puma (2.6.0) lib/puma/server.rb:250:in `block in run'
  puma (2.6.0) lib/puma/thread_pool.rb:92:in `call'
  puma (2.6.0) lib/puma/thread_pool.rb:92:in `block in spawn_thread'


