Feb 02, 2014 12:22:28 PM org.apache.solr.core.SolrResourceLoader locateSolrHome
INFO: JNDI not configured for solr (NoInitialContextEx)
Feb 02, 2014 12:22:28 PM org.apache.solr.core.SolrResourceLoader locateSolrHome
INFO: using system property solr.solr.home: /home/rwub/rails4-book/book/6294OS_Chapter_03/project-3/solr
Feb 02, 2014 12:22:28 PM org.apache.solr.core.SolrResourceLoader <init>
INFO: Solr home set to '/home/rwub/rails4-book/book/6294OS_Chapter_03/project-3/solr/'
Feb 02, 2014 12:22:29 PM org.apache.solr.servlet.SolrDispatchFilter init
INFO: SolrDispatchFilter.init()
Feb 02, 2014 12:22:29 PM org.apache.solr.core.SolrResourceLoader locateSolrHome
INFO: JNDI not configured for solr (NoInitialContextEx)
Feb 02, 2014 12:22:29 PM org.apache.solr.core.SolrResourceLoader locateSolrHome
INFO: using system property solr.solr.home: /home/rwub/rails4-book/book/6294OS_Chapter_03/project-3/solr
Feb 02, 2014 12:22:29 PM org.apache.solr.core.CoreContainer$Initializer initialize
INFO: looking for solr.xml: /home/rwub/rails4-book/book/6294OS_Chapter_03/project-3/solr/solr.xml
Feb 02, 2014 12:22:29 PM org.apache.solr.core.SolrResourceLoader locateSolrHome
INFO: JNDI not configured for solr (NoInitialContextEx)
Feb 02, 2014 12:22:29 PM org.apache.solr.core.SolrResourceLoader locateSolrHome
INFO: using system property solr.solr.home: /home/rwub/rails4-book/book/6294OS_Chapter_03/project-3/solr
Feb 02, 2014 12:22:29 PM org.apache.solr.core.CoreContainer <init>
INFO: New CoreContainer: solrHome=/home/rwub/rails4-book/book/6294OS_Chapter_03/project-3/solr/ instance=152472387
Feb 02, 2014 12:22:29 PM org.apache.solr.core.SolrResourceLoader <init>
INFO: Solr home set to '/home/rwub/rails4-book/book/6294OS_Chapter_03/project-3/solr/'
Feb 02, 2014 12:22:29 PM org.apache.solr.core.SolrResourceLoader <init>
INFO: Solr home set to '/home/rwub/rails4-book/book/6294OS_Chapter_03/project-3/solr/./'
Feb 02, 2014 12:22:29 PM org.apache.solr.core.SolrConfig initLibs
INFO: Adding specified lib dirs to ClassLoader
Feb 02, 2014 12:22:29 PM org.apache.solr.core.Config getLuceneVersion
WARNING: the luceneMatchVersion is not specified, defaulting to LUCENE_24 emulation. You should at some point declare and reindex to at least 3.0, because 2.4 emulation is deprecated and will be removed in 4.0. This parameter will be mandatory in 4.0.
Feb 02, 2014 12:22:30 PM org.apache.solr.core.SolrConfig <init>
INFO: Using Lucene MatchVersion: LUCENE_24
Feb 02, 2014 12:22:30 PM org.apache.solr.core.SolrConfig <init>
WARNING: Deprecated syntax found. <highlighting/> should move to <searchComponent/>
Feb 02, 2014 12:22:30 PM org.apache.solr.core.SolrConfig <init>
INFO: Loaded SolrConfig: solrconfig.xml
Feb 02, 2014 12:22:30 PM org.apache.solr.schema.IndexSchema readSchema
INFO: Reading Solr Schema
Feb 02, 2014 12:22:30 PM org.apache.solr.schema.IndexSchema readSchema
INFO: Schema name=sunspot
Feb 02, 2014 12:22:30 PM org.apache.solr.util.plugin.AbstractPluginLoader load
INFO: created string: org.apache.solr.schema.StrField
Feb 02, 2014 12:22:30 PM org.apache.solr.util.plugin.AbstractPluginLoader load
INFO: created tdouble: org.apache.solr.schema.TrieDoubleField
Feb 02, 2014 12:22:30 PM org.apache.solr.util.plugin.AbstractPluginLoader load
INFO: created rand: org.apache.solr.schema.RandomSortField
Feb 02, 2014 12:22:30 PM org.apache.solr.util.plugin.AbstractPluginLoader load
INFO: created : org.apache.solr.analysis.StandardTokenizerFactory
Feb 02, 2014 12:22:30 PM org.apache.solr.analysis.BaseTokenStreamFactory assureMatchVersion
WARNING: StandardTokenizerFactory is using deprecated LUCENE_24 emulation. You should at some point declare and reindex to at least 3.0, because 2.x emulation is deprecated and will be removed in 4.0
Feb 02, 2014 12:22:30 PM org.apache.solr.util.plugin.AbstractPluginLoader load
INFO: created : org.apache.solr.analysis.StandardFilterFactory
Feb 02, 2014 12:22:30 PM org.apache.solr.analysis.BaseTokenStreamFactory assureMatchVersion
WARNING: StandardFilterFactory is using deprecated LUCENE_24 emulation. You should at some point declare and reindex to at least 3.0, because 2.x emulation is deprecated and will be removed in 4.0
Feb 02, 2014 12:22:30 PM org.apache.solr.util.plugin.AbstractPluginLoader load
INFO: created : org.apache.solr.analysis.LowerCaseFilterFactory
Feb 02, 2014 12:22:30 PM org.apache.solr.analysis.BaseTokenStreamFactory assureMatchVersion
WARNING: LowerCaseFilterFactory is using deprecated LUCENE_24 emulation. You should at some point declare and reindex to at least 3.0, because 2.x emulation is deprecated and will be removed in 4.0
Feb 02, 2014 12:22:30 PM org.apache.solr.util.plugin.AbstractPluginLoader load
INFO: created : org.apache.solr.analysis.PorterStemFilterFactory
Feb 02, 2014 12:22:30 PM org.apache.solr.util.plugin.AbstractPluginLoader load
INFO: created text: org.apache.solr.schema.TextField
Feb 02, 2014 12:22:30 PM org.apache.solr.util.plugin.AbstractPluginLoader load
INFO: created boolean: org.apache.solr.schema.BoolField
Feb 02, 2014 12:22:30 PM org.apache.solr.util.plugin.AbstractPluginLoader load
INFO: created date: org.apache.solr.schema.DateField
Feb 02, 2014 12:22:30 PM org.apache.solr.util.plugin.AbstractPluginLoader load
INFO: created sdouble: org.apache.solr.schema.SortableDoubleField
Feb 02, 2014 12:22:30 PM org.apache.solr.util.plugin.AbstractPluginLoader load
INFO: created sfloat: org.apache.solr.schema.SortableFloatField
Feb 02, 2014 12:22:30 PM org.apache.solr.util.plugin.AbstractPluginLoader load
INFO: created sint: org.apache.solr.schema.SortableIntField
Feb 02, 2014 12:22:30 PM org.apache.solr.util.plugin.AbstractPluginLoader load
INFO: created slong: org.apache.solr.schema.SortableLongField
Feb 02, 2014 12:22:30 PM org.apache.solr.util.plugin.AbstractPluginLoader load
INFO: created tint: org.apache.solr.schema.TrieIntField
Feb 02, 2014 12:22:30 PM org.apache.solr.util.plugin.AbstractPluginLoader load
INFO: created tfloat: org.apache.solr.schema.TrieFloatField
Feb 02, 2014 12:22:30 PM org.apache.solr.util.plugin.AbstractPluginLoader load
INFO: created tdate: org.apache.solr.schema.TrieDateField
Feb 02, 2014 12:22:30 PM org.apache.solr.util.plugin.AbstractPluginLoader load
INFO: created location: org.apache.solr.schema.LatLonType
Feb 02, 2014 12:22:30 PM org.apache.solr.schema.IndexSchema readSchema
INFO: default search field is text
Feb 02, 2014 12:22:30 PM org.apache.solr.schema.IndexSchema readSchema
INFO: query parser default operator is AND
Feb 02, 2014 12:22:30 PM org.apache.solr.schema.IndexSchema readSchema
INFO: unique key field: id
Feb 02, 2014 12:22:30 PM org.apache.solr.core.SolrCore <init>
INFO: [] Opening new SolrCore at /home/rwub/rails4-book/book/6294OS_Chapter_03/project-3/solr/./, dataDir=/home/rwub/rails4-book/book/6294OS_Chapter_03/project-3/solr/data/development/
Feb 02, 2014 12:22:30 PM org.apache.solr.core.JmxMonitoredMap <init>
INFO: No JMX servers found, not exposing Solr information with JMX.
Feb 02, 2014 12:22:30 PM org.apache.solr.core.SolrCore initListeners
INFO: [] Added SolrEventListener for newSearcher: org.apache.solr.core.QuerySenderListener{queries=[]}
Feb 02, 2014 12:22:30 PM org.apache.solr.core.SolrCore initListeners
INFO: [] Added SolrEventListener for firstSearcher: org.apache.solr.core.QuerySenderListener{queries=[{q=solr rocks,start=0,rows=10}, {q=static firstSearcher warming query from solrconfig.xml}]}
Feb 02, 2014 12:22:30 PM org.apache.solr.request.XSLTResponseWriter <init>
WARNING: org.apache.solr.request.XSLTResponseWriter is deprecated. Please use the corresponding class in org.apache.solr.response
Feb 02, 2014 12:22:30 PM org.apache.solr.response.XSLTResponseWriter init
INFO: xsltCacheLifetimeSeconds=5
Feb 02, 2014 12:22:30 PM org.apache.solr.core.RequestHandlers initHandlersFromConfig
INFO: created standard: solr.SearchHandler
Feb 02, 2014 12:22:30 PM org.apache.solr.core.RequestHandlers initHandlersFromConfig
INFO: created dismax: solr.SearchHandler
Feb 02, 2014 12:22:30 PM org.apache.solr.core.RequestHandlers initHandlersFromConfig
INFO: created partitioned: solr.SearchHandler
Feb 02, 2014 12:22:30 PM org.apache.solr.core.RequestHandlers initHandlersFromConfig
INFO: created /spell: solr.SearchHandler
Feb 02, 2014 12:22:30 PM org.apache.solr.core.RequestHandlers initHandlersFromConfig
INFO: created tvrh: org.apache.solr.handler.component.SearchHandler
Feb 02, 2014 12:22:30 PM org.apache.solr.core.RequestHandlers initHandlersFromConfig
INFO: adding lazy requestHandler: org.apache.solr.handler.extraction.ExtractingRequestHandler
Feb 02, 2014 12:22:30 PM org.apache.solr.core.RequestHandlers initHandlersFromConfig
INFO: created /update/extract: org.apache.solr.handler.extraction.ExtractingRequestHandler
Feb 02, 2014 12:22:30 PM org.apache.solr.core.RequestHandlers initHandlersFromConfig
INFO: created /terms: org.apache.solr.handler.component.SearchHandler
Feb 02, 2014 12:22:30 PM org.apache.solr.core.RequestHandlers initHandlersFromConfig
INFO: adding lazy requestHandler: solr.SearchHandler
Feb 02, 2014 12:22:30 PM org.apache.solr.core.RequestHandlers initHandlersFromConfig
INFO: created /elevate: solr.SearchHandler
Feb 02, 2014 12:22:30 PM org.apache.solr.core.RequestHandlers initHandlersFromConfig
INFO: created /update: solr.XmlUpdateRequestHandler
Feb 02, 2014 12:22:30 PM org.apache.solr.core.RequestHandlers initHandlersFromConfig
INFO: created /update/javabin: solr.BinaryUpdateRequestHandler
Feb 02, 2014 12:22:30 PM org.apache.solr.core.RequestHandlers initHandlersFromConfig
INFO: created /analysis/document: solr.DocumentAnalysisRequestHandler
Feb 02, 2014 12:22:30 PM org.apache.solr.core.RequestHandlers initHandlersFromConfig
INFO: created /analysis/field: solr.FieldAnalysisRequestHandler
Feb 02, 2014 12:22:30 PM org.apache.solr.core.RequestHandlers initHandlersFromConfig
INFO: adding lazy requestHandler: solr.CSVRequestHandler
Feb 02, 2014 12:22:30 PM org.apache.solr.core.RequestHandlers initHandlersFromConfig
INFO: created /update/csv: solr.CSVRequestHandler
Feb 02, 2014 12:22:31 PM org.apache.solr.core.RequestHandlers initHandlersFromConfig
INFO: created /admin/: org.apache.solr.handler.admin.AdminHandlers
Feb 02, 2014 12:22:31 PM org.apache.solr.core.RequestHandlers initHandlersFromConfig
INFO: created /admin/ping: PingRequestHandler
Feb 02, 2014 12:22:31 PM org.apache.solr.core.RequestHandlers initHandlersFromConfig
INFO: created /debug/dump: solr.DumpRequestHandler
Feb 02, 2014 12:22:31 PM org.apache.solr.core.RequestHandlers initHandlersFromConfig
INFO: created /mlt: solr.MoreLikeThisHandler
Feb 02, 2014 12:22:31 PM org.apache.solr.search.SolrIndexSearcher <init>
INFO: Opening Searcher@4381c7e9 main
Feb 02, 2014 12:22:31 PM org.apache.solr.update.CommitTracker <init>
INFO: commitTracker AutoCommit: disabled
Feb 02, 2014 12:22:31 PM org.apache.solr.handler.component.SpellCheckComponent inform
INFO: Initializing spell checkers
Feb 02, 2014 12:22:31 PM org.apache.solr.handler.component.SpellCheckComponent inform
WARNING: No queryConverter defined, using default converter
Feb 02, 2014 12:22:31 PM org.apache.solr.handler.component.QueryElevationComponent inform
INFO: Loading QueryElevation from: /home/rwub/rails4-book/book/6294OS_Chapter_03/project-3/solr/./conf/elevate.xml
Feb 02, 2014 12:22:31 PM org.apache.solr.handler.component.SearchHandler inform
INFO: Adding  component:org.apache.solr.handler.component.QueryComponent@4051b1fb
Feb 02, 2014 12:22:31 PM org.apache.solr.handler.component.SearchHandler inform
INFO: Adding  component:org.apache.solr.handler.component.FacetComponent@337bf6ba
Feb 02, 2014 12:22:31 PM org.apache.solr.handler.component.SearchHandler inform
INFO: Adding  component:org.apache.solr.handler.component.MoreLikeThisComponent@f8347be
Feb 02, 2014 12:22:31 PM org.apache.solr.handler.component.SearchHandler inform
INFO: Adding  component:org.apache.solr.handler.component.HighlightComponent@73db12e6
Feb 02, 2014 12:22:31 PM org.apache.solr.handler.component.SearchHandler inform
INFO: Adding  component:org.apache.solr.handler.component.StatsComponent@33b5f576
Feb 02, 2014 12:22:31 PM org.apache.solr.handler.component.SearchHandler inform
INFO: Adding  debug component:org.apache.solr.handler.component.DebugComponent@6f06307f
Feb 02, 2014 12:22:31 PM org.apache.solr.handler.component.SearchHandler inform
INFO: Adding  component:org.apache.solr.handler.component.QueryComponent@4051b1fb
Feb 02, 2014 12:22:31 PM org.apache.solr.handler.component.SearchHandler inform
INFO: Adding  component:org.apache.solr.handler.component.FacetComponent@337bf6ba
Feb 02, 2014 12:22:31 PM org.apache.solr.handler.component.SearchHandler inform
INFO: Adding  component:org.apache.solr.handler.component.MoreLikeThisComponent@f8347be
Feb 02, 2014 12:22:31 PM org.apache.solr.handler.component.SearchHandler inform
INFO: Adding  component:org.apache.solr.handler.component.HighlightComponent@73db12e6
Feb 02, 2014 12:22:31 PM org.apache.solr.handler.component.SearchHandler inform
INFO: Adding  component:org.apache.solr.handler.component.StatsComponent@33b5f576
Feb 02, 2014 12:22:31 PM org.apache.solr.handler.component.SearchHandler inform
INFO: Adding  debug component:org.apache.solr.handler.component.DebugComponent@6f06307f
Feb 02, 2014 12:22:31 PM org.apache.solr.handler.component.SearchHandler inform
INFO: Adding  component:org.apache.solr.handler.component.QueryComponent@4051b1fb
Feb 02, 2014 12:22:31 PM org.apache.solr.handler.component.SearchHandler inform
INFO: Adding  component:org.apache.solr.handler.component.FacetComponent@337bf6ba
Feb 02, 2014 12:22:31 PM org.apache.solr.handler.component.SearchHandler inform
INFO: Adding  component:org.apache.solr.handler.component.MoreLikeThisComponent@f8347be
Feb 02, 2014 12:22:31 PM org.apache.solr.handler.component.SearchHandler inform
INFO: Adding  component:org.apache.solr.handler.component.HighlightComponent@73db12e6
Feb 02, 2014 12:22:31 PM org.apache.solr.handler.component.SearchHandler inform
INFO: Adding  component:org.apache.solr.handler.component.StatsComponent@33b5f576
Feb 02, 2014 12:22:31 PM org.apache.solr.handler.component.SearchHandler inform
INFO: Adding  debug component:org.apache.solr.handler.component.DebugComponent@6f06307f
Feb 02, 2014 12:22:31 PM org.apache.solr.handler.component.SearchHandler inform
INFO: Adding  component:org.apache.solr.handler.component.QueryComponent@4051b1fb
Feb 02, 2014 12:22:31 PM org.apache.solr.handler.component.SearchHandler inform
INFO: Adding  component:org.apache.solr.handler.component.FacetComponent@337bf6ba
Feb 02, 2014 12:22:31 PM org.apache.solr.handler.component.SearchHandler inform
INFO: Adding  component:org.apache.solr.handler.component.MoreLikeThisComponent@f8347be
Feb 02, 2014 12:22:31 PM org.apache.solr.handler.component.SearchHandler inform
INFO: Adding  component:org.apache.solr.handler.component.HighlightComponent@73db12e6
Feb 02, 2014 12:22:31 PM org.apache.solr.handler.component.SearchHandler inform
INFO: Adding  component:org.apache.solr.handler.component.StatsComponent@33b5f576
Feb 02, 2014 12:22:31 PM org.apache.solr.handler.component.SearchHandler inform
INFO: Adding  component:org.apache.solr.handler.component.SpellCheckComponent@7f5a1aca
Feb 02, 2014 12:22:31 PM org.apache.solr.handler.component.SearchHandler inform
INFO: Adding  debug component:org.apache.solr.handler.component.DebugComponent@6f06307f
Feb 02, 2014 12:22:31 PM org.apache.solr.handler.component.SearchHandler inform
INFO: Adding  component:org.apache.solr.handler.component.QueryComponent@4051b1fb
Feb 02, 2014 12:22:31 PM org.apache.solr.handler.component.SearchHandler inform
INFO: Adding  component:org.apache.solr.handler.component.FacetComponent@337bf6ba
Feb 02, 2014 12:22:31 PM org.apache.solr.handler.component.SearchHandler inform
INFO: Adding  component:org.apache.solr.handler.component.MoreLikeThisComponent@f8347be
Feb 02, 2014 12:22:31 PM org.apache.solr.handler.component.SearchHandler inform
INFO: Adding  component:org.apache.solr.handler.component.HighlightComponent@73db12e6
Feb 02, 2014 12:22:31 PM org.apache.solr.handler.component.SearchHandler inform
INFO: Adding  component:org.apache.solr.handler.component.StatsComponent@33b5f576
Feb 02, 2014 12:22:31 PM org.apache.solr.handler.component.SearchHandler inform
INFO: Adding  component:org.apache.solr.handler.component.TermVectorComponent@74950517
Feb 02, 2014 12:22:31 PM org.apache.solr.handler.component.SearchHandler inform
INFO: Adding  debug component:org.apache.solr.handler.component.DebugComponent@6f06307f
Feb 02, 2014 12:22:31 PM org.apache.solr.handler.component.SearchHandler inform
INFO: Adding  component:org.apache.solr.handler.component.TermsComponent@638164cc
Feb 02, 2014 12:22:31 PM org.apache.solr.core.QuerySenderListener newSearcher
INFO: QuerySenderListener sending requests to Searcher@4381c7e9 main
Feb 02, 2014 12:22:31 PM org.apache.solr.core.CoreContainer register
INFO: registering core: 
Feb 02, 2014 12:22:31 PM org.apache.solr.servlet.SolrDispatchFilter init
INFO: user.dir=/home/rwub/.rvm/gems/ruby-1.9.3-p327/gems/sunspot_solr-2.0.0/solr
Feb 02, 2014 12:22:31 PM org.apache.solr.servlet.SolrDispatchFilter init
INFO: SolrDispatchFilter.init() done
Feb 02, 2014 12:22:31 PM org.apache.solr.core.SolrCore execute
INFO: [] webapp=null path=null params={start=0&event=firstSearcher&q=solr+rocks&rows=10} hits=0 status=0 QTime=95 
Feb 02, 2014 12:22:31 PM org.apache.solr.core.SolrCore execute
INFO: [] webapp=null path=null params={event=firstSearcher&q=static+firstSearcher+warming+query+from+solrconfig.xml} hits=0 status=0 QTime=8 
Feb 02, 2014 12:22:31 PM org.apache.solr.core.QuerySenderListener newSearcher
INFO: QuerySenderListener done.
Feb 02, 2014 12:22:31 PM org.apache.solr.handler.component.SpellCheckComponent$SpellCheckerListener newSearcher
INFO: Loading spell index for spellchecker: default
Feb 02, 2014 12:22:31 PM org.apache.solr.core.SolrCore registerSearcher
INFO: [] Registered new searcher Searcher@4381c7e9 main
Feb 02, 2014 12:22:31 PM org.apache.solr.servlet.SolrServlet init
INFO: SolrServlet.init()
Feb 02, 2014 12:22:31 PM org.apache.solr.core.SolrResourceLoader locateSolrHome
INFO: JNDI not configured for solr (NoInitialContextEx)
Feb 02, 2014 12:22:31 PM org.apache.solr.core.SolrResourceLoader locateSolrHome
INFO: using system property solr.solr.home: /home/rwub/rails4-book/book/6294OS_Chapter_03/project-3/solr
Feb 02, 2014 12:22:31 PM org.apache.solr.servlet.SolrServlet init
INFO: SolrServlet.init() done
Feb 02, 2014 12:22:31 PM org.apache.solr.core.SolrResourceLoader locateSolrHome
INFO: JNDI not configured for solr (NoInitialContextEx)
Feb 02, 2014 12:22:31 PM org.apache.solr.core.SolrResourceLoader locateSolrHome
INFO: using system property solr.solr.home: /home/rwub/rails4-book/book/6294OS_Chapter_03/project-3/solr
Feb 02, 2014 12:22:31 PM org.apache.solr.servlet.SolrUpdateServlet init
INFO: SolrUpdateServlet.init() done
Feb 02, 2014 12:23:25 PM org.apache.solr.core.SolrDeletionPolicy onInit
INFO: SolrDeletionPolicy.onInit: commits:num=1
	commit{dir=/home/rwub/rails4-book/book/6294OS_Chapter_03/project-3/solr/data/development/index,segFN=segments_s,version=1377873122059,generation=28,filenames=[_h.prx, _g.tis, _p.fdx, _r.tii, _p.fdt, _m.frq, _m.prx, _o.tis, _h.nrm, _i.tis, _o.prx, _h.fdt, _p.nrm, _g.tii, _h.fdx, _n.frq, _i.tii, _m.fnm, _o.frq, _n.fnm, _g.fdt, _o.fnm, _h.fnm, _g.fdx, _h.frq, _h.tis, _j.tis, segments_s, _g.nrm, _o.tii, _h.tii, _j.tii, _r.tis, _i.prx, _j.fdx, _i.nrm, _r.nrm, _p.fnm, _j.fdt, _p.frq, _n.tis, _r.fnm, _r.fdt, _m.tis, _g.fnm, _r.fdx, _j.nrm, _p.tii, _r.frq, _i.fdx, _n.tii, _j.prx, _m.tii, _i.fdt, _o.fdt, _g.prx, _n.nrm, _p.tis, _o.fdx, _n.prx, _i.frq, _n.fdt, _n.fdx, _m.nrm, _g.frq, _r.prx, _g_5.del, _o.nrm, _m.fdt, _j.fnm, _m.fdx, _i.fnm, _j.frq, _p.prx]
Feb 02, 2014 12:23:25 PM org.apache.solr.core.SolrDeletionPolicy updateCommits
INFO: newest commit = 1377873122059
Feb 02, 2014 12:23:25 PM org.apache.solr.update.processor.LogUpdateProcessor finish
INFO: {add=[Pin 169]} 0 209
Feb 02, 2014 12:23:25 PM org.apache.solr.core.SolrCore execute
INFO: [] webapp=/solr path=/update params={wt=ruby} status=0 QTime=209 
Feb 02, 2014 12:23:25 PM org.apache.solr.update.DirectUpdateHandler2 commit
INFO: start commit(optimize=false,waitFlush=false,waitSearcher=true,expungeDeletes=false)
Feb 02, 2014 12:23:27 PM org.apache.solr.core.SolrDeletionPolicy onCommit
INFO: SolrDeletionPolicy.onCommit: commits:num=2
	commit{dir=/home/rwub/rails4-book/book/6294OS_Chapter_03/project-3/solr/data/development/index,segFN=segments_s,version=1377873122059,generation=28,filenames=[_h.prx, _g.tis, _p.fdx, _r.tii, _p.fdt, _m.frq, _m.prx, _o.tis, _h.nrm, _i.tis, _o.prx, _h.fdt, _p.nrm, _g.tii, _h.fdx, _n.frq, _i.tii, _m.fnm, _o.frq, _n.fnm, _g.fdt, _o.fnm, _h.fnm, _g.fdx, _h.frq, _h.tis, _j.tis, segments_s, _g.nrm, _o.tii, _h.tii, _j.tii, _r.tis, _i.prx, _j.fdx, _i.nrm, _r.nrm, _p.fnm, _j.fdt, _p.frq, _n.tis, _r.fnm, _r.fdt, _m.tis, _g.fnm, _r.fdx, _j.nrm, _p.tii, _r.frq, _i.fdx, _n.tii, _j.prx, _m.tii, _i.fdt, _o.fdt, _g.prx, _n.nrm, _p.tis, _o.fdx, _n.prx, _i.frq, _n.fdt, _n.fdx, _m.nrm, _g.frq, _r.prx, _g_5.del, _o.nrm, _m.fdt, _j.fnm, _m.fdx, _i.fnm, _j.frq, _p.prx]
	commit{dir=/home/rwub/rails4-book/book/6294OS_Chapter_03/project-3/solr/data/development/index,segFN=segments_t,version=1377873122063,generation=29,filenames=[segments_t, _t.fnm, _t.tii, _t.tis, _t.fdx, _t.nrm, _t.frq, _t.prx, _t.fdt]
Feb 02, 2014 12:23:27 PM org.apache.solr.core.SolrDeletionPolicy updateCommits
INFO: newest commit = 1377873122063
Feb 02, 2014 12:23:27 PM org.apache.solr.search.SolrIndexSearcher <init>
INFO: Opening Searcher@37323829 main
Feb 02, 2014 12:23:27 PM org.apache.solr.update.DirectUpdateHandler2 commit
INFO: end_commit_flush
Feb 02, 2014 12:23:27 PM org.apache.solr.search.SolrIndexSearcher warm
INFO: autowarming Searcher@37323829 main from Searcher@4381c7e9 main
	fieldValueCache{lookups=0,hits=0,hitratio=0.00,inserts=0,evictions=0,size=0,warmupTime=0,cumulative_lookups=0,cumulative_hits=0,cumulative_hitratio=0.00,cumulative_inserts=0,cumulative_evictions=0}
Feb 02, 2014 12:23:27 PM org.apache.solr.search.SolrIndexSearcher warm
INFO: autowarming result for Searcher@37323829 main
	fieldValueCache{lookups=0,hits=0,hitratio=0.00,inserts=0,evictions=0,size=0,warmupTime=0,cumulative_lookups=0,cumulative_hits=0,cumulative_hitratio=0.00,cumulative_inserts=0,cumulative_evictions=0}
Feb 02, 2014 12:23:27 PM org.apache.solr.search.SolrIndexSearcher warm
INFO: autowarming Searcher@37323829 main from Searcher@4381c7e9 main
	filterCache{lookups=0,hits=0,hitratio=0.00,inserts=0,evictions=0,size=0,warmupTime=0,cumulative_lookups=0,cumulative_hits=0,cumulative_hitratio=0.00,cumulative_inserts=0,cumulative_evictions=0}
Feb 02, 2014 12:23:27 PM org.apache.solr.search.SolrIndexSearcher warm
INFO: autowarming result for Searcher@37323829 main
	filterCache{lookups=0,hits=0,hitratio=0.00,inserts=0,evictions=0,size=0,warmupTime=0,cumulative_lookups=0,cumulative_hits=0,cumulative_hitratio=0.00,cumulative_inserts=0,cumulative_evictions=0}
Feb 02, 2014 12:23:27 PM org.apache.solr.search.SolrIndexSearcher warm
INFO: autowarming Searcher@37323829 main from Searcher@4381c7e9 main
	queryResultCache{lookups=0,hits=0,hitratio=0.00,inserts=2,evictions=0,size=2,warmupTime=0,cumulative_lookups=0,cumulative_hits=0,cumulative_hitratio=0.00,cumulative_inserts=0,cumulative_evictions=0}
Feb 02, 2014 12:23:27 PM org.apache.solr.search.SolrIndexSearcher warm
INFO: autowarming result for Searcher@37323829 main
	queryResultCache{lookups=0,hits=0,hitratio=0.00,inserts=0,evictions=0,size=0,warmupTime=0,cumulative_lookups=0,cumulative_hits=0,cumulative_hitratio=0.00,cumulative_inserts=0,cumulative_evictions=0}
Feb 02, 2014 12:23:27 PM org.apache.solr.search.SolrIndexSearcher warm
INFO: autowarming Searcher@37323829 main from Searcher@4381c7e9 main
	documentCache{lookups=0,hits=0,hitratio=0.00,inserts=0,evictions=0,size=0,warmupTime=0,cumulative_lookups=0,cumulative_hits=0,cumulative_hitratio=0.00,cumulative_inserts=0,cumulative_evictions=0}
Feb 02, 2014 12:23:27 PM org.apache.solr.search.SolrIndexSearcher warm
INFO: autowarming result for Searcher@37323829 main
	documentCache{lookups=0,hits=0,hitratio=0.00,inserts=0,evictions=0,size=0,warmupTime=0,cumulative_lookups=0,cumulative_hits=0,cumulative_hitratio=0.00,cumulative_inserts=0,cumulative_evictions=0}
Feb 02, 2014 12:23:27 PM org.apache.solr.core.QuerySenderListener newSearcher
INFO: QuerySenderListener sending requests to Searcher@37323829 main
Feb 02, 2014 12:23:27 PM org.apache.solr.core.QuerySenderListener newSearcher
INFO: QuerySenderListener done.
Feb 02, 2014 12:23:27 PM org.apache.solr.core.SolrCore registerSearcher
INFO: [] Registered new searcher Searcher@37323829 main
Feb 02, 2014 12:23:27 PM org.apache.solr.search.SolrIndexSearcher close
INFO: Closing Searcher@4381c7e9 main
	fieldValueCache{lookups=0,hits=0,hitratio=0.00,inserts=0,evictions=0,size=0,warmupTime=0,cumulative_lookups=0,cumulative_hits=0,cumulative_hitratio=0.00,cumulative_inserts=0,cumulative_evictions=0}
	filterCache{lookups=0,hits=0,hitratio=0.00,inserts=0,evictions=0,size=0,warmupTime=0,cumulative_lookups=0,cumulative_hits=0,cumulative_hitratio=0.00,cumulative_inserts=0,cumulative_evictions=0}
	queryResultCache{lookups=0,hits=0,hitratio=0.00,inserts=2,evictions=0,size=2,warmupTime=0,cumulative_lookups=0,cumulative_hits=0,cumulative_hitratio=0.00,cumulative_inserts=0,cumulative_evictions=0}
	documentCache{lookups=0,hits=0,hitratio=0.00,inserts=0,evictions=0,size=0,warmupTime=0,cumulative_lookups=0,cumulative_hits=0,cumulative_hitratio=0.00,cumulative_inserts=0,cumulative_evictions=0}
Feb 02, 2014 12:23:27 PM org.apache.solr.update.processor.LogUpdateProcessor finish
INFO: {commit=} 0 1809
Feb 02, 2014 12:23:27 PM org.apache.solr.core.SolrCore execute
INFO: [] webapp=/solr path=/update params={wt=ruby} status=0 QTime=1809 
Feb 02, 2014 12:24:31 PM org.apache.solr.core.SolrDeletionPolicy onInit
INFO: SolrDeletionPolicy.onInit: commits:num=1
	commit{dir=/home/rwub/rails4-book/book/6294OS_Chapter_03/project-3/solr/data/development/index,segFN=segments_t,version=1377873122063,generation=29,filenames=[segments_t, _t.fnm, _t.tii, _t.tis, _t.fdx, _t.nrm, _t.frq, _t.prx, _t.fdt]
Feb 02, 2014 12:24:31 PM org.apache.solr.core.SolrDeletionPolicy updateCommits
INFO: newest commit = 1377873122063
Feb 02, 2014 12:24:31 PM org.apache.solr.update.processor.LogUpdateProcessor finish
INFO: {add=[Board 7]} 0 13
Feb 02, 2014 12:24:31 PM org.apache.solr.core.SolrCore execute
INFO: [] webapp=/solr path=/update params={wt=ruby} status=0 QTime=13 
Feb 02, 2014 12:24:31 PM org.apache.solr.update.DirectUpdateHandler2 commit
INFO: start commit(optimize=false,waitFlush=false,waitSearcher=true,expungeDeletes=false)
Feb 02, 2014 12:24:32 PM org.apache.solr.core.SolrDeletionPolicy onCommit
INFO: SolrDeletionPolicy.onCommit: commits:num=2
	commit{dir=/home/rwub/rails4-book/book/6294OS_Chapter_03/project-3/solr/data/development/index,segFN=segments_t,version=1377873122063,generation=29,filenames=[segments_t, _t.fnm, _t.tii, _t.tis, _t.fdx, _t.nrm, _t.frq, _t.prx, _t.fdt]
	commit{dir=/home/rwub/rails4-book/book/6294OS_Chapter_03/project-3/solr/data/development/index,segFN=segments_u,version=1377873122065,generation=30,filenames=[_t.tii, _t.fnm, _u.tis, _u.frq, _u.fdx, _t.prx, _t.frq, segments_u, _u.nrm, _u.fnm, _u.prx, _t.fdx, _t.tis, _u.fdt, _t.nrm, _u.tii, _t.fdt]
Feb 02, 2014 12:24:32 PM org.apache.solr.core.SolrDeletionPolicy updateCommits
INFO: newest commit = 1377873122065
Feb 02, 2014 12:24:32 PM org.apache.solr.search.SolrIndexSearcher <init>
INFO: Opening Searcher@32c9d590 main
Feb 02, 2014 12:24:32 PM org.apache.solr.search.SolrIndexSearcher warm
INFO: autowarming Searcher@32c9d590 main from Searcher@37323829 main
	fieldValueCache{lookups=0,hits=0,hitratio=0.00,inserts=0,evictions=0,size=0,warmupTime=0,cumulative_lookups=0,cumulative_hits=0,cumulative_hitratio=0.00,cumulative_inserts=0,cumulative_evictions=0}
Feb 02, 2014 12:24:32 PM org.apache.solr.update.DirectUpdateHandler2 commit
INFO: end_commit_flush
Feb 02, 2014 12:24:32 PM org.apache.solr.search.SolrIndexSearcher warm
INFO: autowarming result for Searcher@32c9d590 main
	fieldValueCache{lookups=0,hits=0,hitratio=0.00,inserts=0,evictions=0,size=0,warmupTime=0,cumulative_lookups=0,cumulative_hits=0,cumulative_hitratio=0.00,cumulative_inserts=0,cumulative_evictions=0}
Feb 02, 2014 12:24:32 PM org.apache.solr.search.SolrIndexSearcher warm
INFO: autowarming Searcher@32c9d590 main from Searcher@37323829 main
	filterCache{lookups=0,hits=0,hitratio=0.00,inserts=0,evictions=0,size=0,warmupTime=0,cumulative_lookups=0,cumulative_hits=0,cumulative_hitratio=0.00,cumulative_inserts=0,cumulative_evictions=0}
Feb 02, 2014 12:24:32 PM org.apache.solr.search.SolrIndexSearcher warm
INFO: autowarming result for Searcher@32c9d590 main
	filterCache{lookups=0,hits=0,hitratio=0.00,inserts=0,evictions=0,size=0,warmupTime=0,cumulative_lookups=0,cumulative_hits=0,cumulative_hitratio=0.00,cumulative_inserts=0,cumulative_evictions=0}
Feb 02, 2014 12:24:32 PM org.apache.solr.search.SolrIndexSearcher warm
INFO: autowarming Searcher@32c9d590 main from Searcher@37323829 main
	queryResultCache{lookups=0,hits=0,hitratio=0.00,inserts=0,evictions=0,size=0,warmupTime=0,cumulative_lookups=0,cumulative_hits=0,cumulative_hitratio=0.00,cumulative_inserts=0,cumulative_evictions=0}
Feb 02, 2014 12:24:32 PM org.apache.solr.search.SolrIndexSearcher warm
INFO: autowarming result for Searcher@32c9d590 main
	queryResultCache{lookups=0,hits=0,hitratio=0.00,inserts=0,evictions=0,size=0,warmupTime=0,cumulative_lookups=0,cumulative_hits=0,cumulative_hitratio=0.00,cumulative_inserts=0,cumulative_evictions=0}
Feb 02, 2014 12:24:32 PM org.apache.solr.search.SolrIndexSearcher warm
INFO: autowarming Searcher@32c9d590 main from Searcher@37323829 main
	documentCache{lookups=0,hits=0,hitratio=0.00,inserts=0,evictions=0,size=0,warmupTime=0,cumulative_lookups=0,cumulative_hits=0,cumulative_hitratio=0.00,cumulative_inserts=0,cumulative_evictions=0}
Feb 02, 2014 12:24:32 PM org.apache.solr.search.SolrIndexSearcher warm
INFO: autowarming result for Searcher@32c9d590 main
	documentCache{lookups=0,hits=0,hitratio=0.00,inserts=0,evictions=0,size=0,warmupTime=0,cumulative_lookups=0,cumulative_hits=0,cumulative_hitratio=0.00,cumulative_inserts=0,cumulative_evictions=0}
Feb 02, 2014 12:24:32 PM org.apache.solr.core.QuerySenderListener newSearcher
INFO: QuerySenderListener sending requests to Searcher@32c9d590 main
Feb 02, 2014 12:24:32 PM org.apache.solr.core.QuerySenderListener newSearcher
INFO: QuerySenderListener done.
Feb 02, 2014 12:24:32 PM org.apache.solr.core.SolrCore registerSearcher
INFO: [] Registered new searcher Searcher@32c9d590 main
Feb 02, 2014 12:24:32 PM org.apache.solr.search.SolrIndexSearcher close
INFO: Closing Searcher@37323829 main
	fieldValueCache{lookups=0,hits=0,hitratio=0.00,inserts=0,evictions=0,size=0,warmupTime=0,cumulative_lookups=0,cumulative_hits=0,cumulative_hitratio=0.00,cumulative_inserts=0,cumulative_evictions=0}
	filterCache{lookups=0,hits=0,hitratio=0.00,inserts=0,evictions=0,size=0,warmupTime=0,cumulative_lookups=0,cumulative_hits=0,cumulative_hitratio=0.00,cumulative_inserts=0,cumulative_evictions=0}
	queryResultCache{lookups=0,hits=0,hitratio=0.00,inserts=0,evictions=0,size=0,warmupTime=0,cumulative_lookups=0,cumulative_hits=0,cumulative_hitratio=0.00,cumulative_inserts=0,cumulative_evictions=0}
	documentCache{lookups=0,hits=0,hitratio=0.00,inserts=0,evictions=0,size=0,warmupTime=0,cumulative_lookups=0,cumulative_hits=0,cumulative_hitratio=0.00,cumulative_inserts=0,cumulative_evictions=0}
Feb 02, 2014 12:24:32 PM org.apache.solr.update.processor.LogUpdateProcessor finish
INFO: {commit=} 0 421
Feb 02, 2014 12:24:32 PM org.apache.solr.core.SolrCore execute
INFO: [] webapp=/solr path=/update params={wt=ruby} status=0 QTime=421 
Feb 02, 2014 12:25:15 PM org.apache.solr.core.SolrDeletionPolicy onInit
INFO: SolrDeletionPolicy.onInit: commits:num=1
	commit{dir=/home/rwub/rails4-book/book/6294OS_Chapter_03/project-3/solr/data/development/index,segFN=segments_u,version=1377873122065,generation=30,filenames=[_t.tii, _t.fnm, _u.tis, _u.frq, _u.fdx, _t.prx, _t.frq, segments_u, _u.nrm, _u.fnm, _u.prx, _t.fdx, _t.tis, _u.fdt, _t.nrm, _u.tii, _t.fdt]
Feb 02, 2014 12:25:15 PM org.apache.solr.core.SolrDeletionPolicy updateCommits
INFO: newest commit = 1377873122065
Feb 02, 2014 12:25:15 PM org.apache.solr.update.processor.LogUpdateProcessor finish
INFO: {add=[Pin 170]} 0 16
Feb 02, 2014 12:25:15 PM org.apache.solr.core.SolrCore execute
INFO: [] webapp=/solr path=/update params={wt=ruby} status=0 QTime=16 
Feb 02, 2014 12:25:15 PM org.apache.solr.update.DirectUpdateHandler2 commit
INFO: start commit(optimize=false,waitFlush=false,waitSearcher=true,expungeDeletes=false)
Feb 02, 2014 12:25:16 PM org.apache.solr.core.SolrDeletionPolicy onCommit
INFO: SolrDeletionPolicy.onCommit: commits:num=2
	commit{dir=/home/rwub/rails4-book/book/6294OS_Chapter_03/project-3/solr/data/development/index,segFN=segments_u,version=1377873122065,generation=30,filenames=[_t.tii, _t.fnm, _u.tis, _u.frq, _u.fdx, _t.prx, _t.frq, segments_u, _u.nrm, _u.fnm, _u.prx, _t.fdx, _t.tis, _u.fdt, _t.nrm, _u.tii, _t.fdt]
	commit{dir=/home/rwub/rails4-book/book/6294OS_Chapter_03/project-3/solr/data/development/index,segFN=segments_v,version=1377873122067,generation=31,filenames=[_v.fdx, _v.fdt, _t.tii, _t.fnm, _u.tis, _u.frq, _u.fdx, _v.nrm, _t.prx, _t.frq, _v.tis, segments_v, _v.frq, _u.nrm, _u.fnm, _v.tii, _u.prx, _v.prx, _t.fdx, _t.tis, _u.fdt, _t.nrm, _v.fnm, _u.tii, _t.fdt]
Feb 02, 2014 12:25:16 PM org.apache.solr.core.SolrDeletionPolicy updateCommits
INFO: newest commit = 1377873122067
Feb 02, 2014 12:25:16 PM org.apache.solr.search.SolrIndexSearcher <init>
INFO: Opening Searcher@105c33ef main
Feb 02, 2014 12:25:16 PM org.apache.solr.update.DirectUpdateHandler2 commit
INFO: end_commit_flush
Feb 02, 2014 12:25:16 PM org.apache.solr.search.SolrIndexSearcher warm
INFO: autowarming Searcher@105c33ef main from Searcher@32c9d590 main
	fieldValueCache{lookups=0,hits=0,hitratio=0.00,inserts=0,evictions=0,size=0,warmupTime=0,cumulative_lookups=0,cumulative_hits=0,cumulative_hitratio=0.00,cumulative_inserts=0,cumulative_evictions=0}
Feb 02, 2014 12:25:16 PM org.apache.solr.search.SolrIndexSearcher warm
INFO: autowarming result for Searcher@105c33ef main
	fieldValueCache{lookups=0,hits=0,hitratio=0.00,inserts=0,evictions=0,size=0,warmupTime=0,cumulative_lookups=0,cumulative_hits=0,cumulative_hitratio=0.00,cumulative_inserts=0,cumulative_evictions=0}
Feb 02, 2014 12:25:16 PM org.apache.solr.search.SolrIndexSearcher warm
INFO: autowarming Searcher@105c33ef main from Searcher@32c9d590 main
	filterCache{lookups=0,hits=0,hitratio=0.00,inserts=0,evictions=0,size=0,warmupTime=0,cumulative_lookups=0,cumulative_hits=0,cumulative_hitratio=0.00,cumulative_inserts=0,cumulative_evictions=0}
Feb 02, 2014 12:25:16 PM org.apache.solr.search.SolrIndexSearcher warm
INFO: autowarming result for Searcher@105c33ef main
	filterCache{lookups=0,hits=0,hitratio=0.00,inserts=0,evictions=0,size=0,warmupTime=0,cumulative_lookups=0,cumulative_hits=0,cumulative_hitratio=0.00,cumulative_inserts=0,cumulative_evictions=0}
Feb 02, 2014 12:25:16 PM org.apache.solr.search.SolrIndexSearcher warm
INFO: autowarming Searcher@105c33ef main from Searcher@32c9d590 main
	queryResultCache{lookups=0,hits=0,hitratio=0.00,inserts=0,evictions=0,size=0,warmupTime=0,cumulative_lookups=0,cumulative_hits=0,cumulative_hitratio=0.00,cumulative_inserts=0,cumulative_evictions=0}
Feb 02, 2014 12:25:16 PM org.apache.solr.search.SolrIndexSearcher warm
INFO: autowarming result for Searcher@105c33ef main
	queryResultCache{lookups=0,hits=0,hitratio=0.00,inserts=0,evictions=0,size=0,warmupTime=0,cumulative_lookups=0,cumulative_hits=0,cumulative_hitratio=0.00,cumulative_inserts=0,cumulative_evictions=0}
Feb 02, 2014 12:25:16 PM org.apache.solr.search.SolrIndexSearcher warm
INFO: autowarming Searcher@105c33ef main from Searcher@32c9d590 main
	documentCache{lookups=0,hits=0,hitratio=0.00,inserts=0,evictions=0,size=0,warmupTime=0,cumulative_lookups=0,cumulative_hits=0,cumulative_hitratio=0.00,cumulative_inserts=0,cumulative_evictions=0}
Feb 02, 2014 12:25:16 PM org.apache.solr.search.SolrIndexSearcher warm
INFO: autowarming result for Searcher@105c33ef main
	documentCache{lookups=0,hits=0,hitratio=0.00,inserts=0,evictions=0,size=0,warmupTime=0,cumulative_lookups=0,cumulative_hits=0,cumulative_hitratio=0.00,cumulative_inserts=0,cumulative_evictions=0}
Feb 02, 2014 12:25:16 PM org.apache.solr.core.QuerySenderListener newSearcher
INFO: QuerySenderListener sending requests to Searcher@105c33ef main
Feb 02, 2014 12:25:16 PM org.apache.solr.core.QuerySenderListener newSearcher
INFO: QuerySenderListener done.
Feb 02, 2014 12:25:16 PM org.apache.solr.core.SolrCore registerSearcher
INFO: [] Registered new searcher Searcher@105c33ef main
Feb 02, 2014 12:25:16 PM org.apache.solr.search.SolrIndexSearcher close
INFO: Closing Searcher@32c9d590 main
	fieldValueCache{lookups=0,hits=0,hitratio=0.00,inserts=0,evictions=0,size=0,warmupTime=0,cumulative_lookups=0,cumulative_hits=0,cumulative_hitratio=0.00,cumulative_inserts=0,cumulative_evictions=0}
	filterCache{lookups=0,hits=0,hitratio=0.00,inserts=0,evictions=0,size=0,warmupTime=0,cumulative_lookups=0,cumulative_hits=0,cumulative_hitratio=0.00,cumulative_inserts=0,cumulative_evictions=0}
	queryResultCache{lookups=0,hits=0,hitratio=0.00,inserts=0,evictions=0,size=0,warmupTime=0,cumulative_lookups=0,cumulative_hits=0,cumulative_hitratio=0.00,cumulative_inserts=0,cumulative_evictions=0}
	documentCache{lookups=0,hits=0,hitratio=0.00,inserts=0,evictions=0,size=0,warmupTime=0,cumulative_lookups=0,cumulative_hits=0,cumulative_hitratio=0.00,cumulative_inserts=0,cumulative_evictions=0}
Feb 02, 2014 12:25:16 PM org.apache.solr.update.processor.LogUpdateProcessor finish
INFO: {commit=} 0 420
Feb 02, 2014 12:25:16 PM org.apache.solr.core.SolrCore execute
INFO: [] webapp=/solr path=/update params={wt=ruby} status=0 QTime=420 
Feb 02, 2014 12:25:53 PM org.apache.solr.core.SolrDeletionPolicy onInit
INFO: SolrDeletionPolicy.onInit: commits:num=1
	commit{dir=/home/rwub/rails4-book/book/6294OS_Chapter_03/project-3/solr/data/development/index,segFN=segments_v,version=1377873122067,generation=31,filenames=[_v.fdx, _v.fdt, _t.tii, _t.fnm, _u.tis, _u.frq, _u.fdx, _v.nrm, _t.prx, _t.frq, _v.tis, segments_v, _v.frq, _u.nrm, _u.fnm, _v.tii, _u.prx, _v.prx, _t.fdx, _t.tis, _u.fdt, _t.nrm, _v.fnm, _u.tii, _t.fdt]
Feb 02, 2014 12:25:53 PM org.apache.solr.core.SolrDeletionPolicy updateCommits
INFO: newest commit = 1377873122067
Feb 02, 2014 12:25:53 PM org.apache.solr.update.processor.LogUpdateProcessor finish
INFO: {add=[Board 8]} 0 18
Feb 02, 2014 12:25:53 PM org.apache.solr.core.SolrCore execute
INFO: [] webapp=/solr path=/update params={wt=ruby} status=0 QTime=18 
Feb 02, 2014 12:25:54 PM org.apache.solr.update.DirectUpdateHandler2 commit
INFO: start commit(optimize=false,waitFlush=false,waitSearcher=true,expungeDeletes=false)
Feb 02, 2014 12:25:54 PM org.apache.solr.core.SolrDeletionPolicy onCommit
INFO: SolrDeletionPolicy.onCommit: commits:num=2
	commit{dir=/home/rwub/rails4-book/book/6294OS_Chapter_03/project-3/solr/data/development/index,segFN=segments_v,version=1377873122067,generation=31,filenames=[_v.fdx, _v.fdt, _t.tii, _t.fnm, _u.tis, _u.frq, _u.fdx, _v.nrm, _t.prx, _t.frq, _v.tis, segments_v, _v.frq, _u.nrm, _u.fnm, _v.tii, _u.prx, _v.prx, _t.fdx, _t.tis, _u.fdt, _t.nrm, _v.fnm, _u.tii, _t.fdt]
	commit{dir=/home/rwub/rails4-book/book/6294OS_Chapter_03/project-3/solr/data/development/index,segFN=segments_w,version=1377873122069,generation=32,filenames=[_v.fdx, _t.fnm, _u.fdx, _u.frq, _w.prx, _t.frq, _t.prx, _v.tis, _v.frq, _u.fnm, _w.tii, _w.nrm, _v.prx, _t.tis, _v.fnm, _w.fnm, _u.tii, _w.tis, _v.fdt, _w.frq, _w.fdt, _t.tii, _u.tis, _w.fdx, _v.nrm, _u.nrm, _u.prx, _v.tii, _t.fdx, _t.nrm, _u.fdt, _t.fdt, segments_w]
Feb 02, 2014 12:25:54 PM org.apache.solr.core.SolrDeletionPolicy updateCommits
INFO: newest commit = 1377873122069
Feb 02, 2014 12:25:54 PM org.apache.solr.search.SolrIndexSearcher <init>
INFO: Opening Searcher@5c9795ef main
Feb 02, 2014 12:25:54 PM org.apache.solr.search.SolrIndexSearcher warm
INFO: autowarming Searcher@5c9795ef main from Searcher@105c33ef main
	fieldValueCache{lookups=0,hits=0,hitratio=0.00,inserts=0,evictions=0,size=0,warmupTime=0,cumulative_lookups=0,cumulative_hits=0,cumulative_hitratio=0.00,cumulative_inserts=0,cumulative_evictions=0}
Feb 02, 2014 12:25:54 PM org.apache.solr.search.SolrIndexSearcher warm
INFO: autowarming result for Searcher@5c9795ef main
	fieldValueCache{lookups=0,hits=0,hitratio=0.00,inserts=0,evictions=0,size=0,warmupTime=0,cumulative_lookups=0,cumulative_hits=0,cumulative_hitratio=0.00,cumulative_inserts=0,cumulative_evictions=0}
Feb 02, 2014 12:25:54 PM org.apache.solr.update.DirectUpdateHandler2 commit
INFO: end_commit_flush
Feb 02, 2014 12:25:54 PM org.apache.solr.search.SolrIndexSearcher warm
INFO: autowarming Searcher@5c9795ef main from Searcher@105c33ef main
	filterCache{lookups=0,hits=0,hitratio=0.00,inserts=0,evictions=0,size=0,warmupTime=0,cumulative_lookups=0,cumulative_hits=0,cumulative_hitratio=0.00,cumulative_inserts=0,cumulative_evictions=0}
Feb 02, 2014 12:25:54 PM org.apache.solr.search.SolrIndexSearcher warm
INFO: autowarming result for Searcher@5c9795ef main
	filterCache{lookups=0,hits=0,hitratio=0.00,inserts=0,evictions=0,size=0,warmupTime=0,cumulative_lookups=0,cumulative_hits=0,cumulative_hitratio=0.00,cumulative_inserts=0,cumulative_evictions=0}
Feb 02, 2014 12:25:54 PM org.apache.solr.search.SolrIndexSearcher warm
INFO: autowarming Searcher@5c9795ef main from Searcher@105c33ef main
	queryResultCache{lookups=0,hits=0,hitratio=0.00,inserts=0,evictions=0,size=0,warmupTime=0,cumulative_lookups=0,cumulative_hits=0,cumulative_hitratio=0.00,cumulative_inserts=0,cumulative_evictions=0}
Feb 02, 2014 12:25:54 PM org.apache.solr.search.SolrIndexSearcher warm
INFO: autowarming result for Searcher@5c9795ef main
	queryResultCache{lookups=0,hits=0,hitratio=0.00,inserts=0,evictions=0,size=0,warmupTime=0,cumulative_lookups=0,cumulative_hits=0,cumulative_hitratio=0.00,cumulative_inserts=0,cumulative_evictions=0}
Feb 02, 2014 12:25:54 PM org.apache.solr.search.SolrIndexSearcher warm
INFO: autowarming Searcher@5c9795ef main from Searcher@105c33ef main
	documentCache{lookups=0,hits=0,hitratio=0.00,inserts=0,evictions=0,size=0,warmupTime=0,cumulative_lookups=0,cumulative_hits=0,cumulative_hitratio=0.00,cumulative_inserts=0,cumulative_evictions=0}
Feb 02, 2014 12:25:54 PM org.apache.solr.search.SolrIndexSearcher warm
INFO: autowarming result for Searcher@5c9795ef main
	documentCache{lookups=0,hits=0,hitratio=0.00,inserts=0,evictions=0,size=0,warmupTime=0,cumulative_lookups=0,cumulative_hits=0,cumulative_hitratio=0.00,cumulative_inserts=0,cumulative_evictions=0}
Feb 02, 2014 12:25:54 PM org.apache.solr.core.QuerySenderListener newSearcher
INFO: QuerySenderListener sending requests to Searcher@5c9795ef main
Feb 02, 2014 12:25:54 PM org.apache.solr.core.QuerySenderListener newSearcher
INFO: QuerySenderListener done.
Feb 02, 2014 12:25:54 PM org.apache.solr.core.SolrCore registerSearcher
INFO: [] Registered new searcher Searcher@5c9795ef main
Feb 02, 2014 12:25:54 PM org.apache.solr.search.SolrIndexSearcher close
INFO: Closing Searcher@105c33ef main
	fieldValueCache{lookups=0,hits=0,hitratio=0.00,inserts=0,evictions=0,size=0,warmupTime=0,cumulative_lookups=0,cumulative_hits=0,cumulative_hitratio=0.00,cumulative_inserts=0,cumulative_evictions=0}
	filterCache{lookups=0,hits=0,hitratio=0.00,inserts=0,evictions=0,size=0,warmupTime=0,cumulative_lookups=0,cumulative_hits=0,cumulative_hitratio=0.00,cumulative_inserts=0,cumulative_evictions=0}
	queryResultCache{lookups=0,hits=0,hitratio=0.00,inserts=0,evictions=0,size=0,warmupTime=0,cumulative_lookups=0,cumulative_hits=0,cumulative_hitratio=0.00,cumulative_inserts=0,cumulative_evictions=0}
	documentCache{lookups=0,hits=0,hitratio=0.00,inserts=0,evictions=0,size=0,warmupTime=0,cumulative_lookups=0,cumulative_hits=0,cumulative_hitratio=0.00,cumulative_inserts=0,cumulative_evictions=0}
Feb 02, 2014 12:25:54 PM org.apache.solr.update.processor.LogUpdateProcessor finish
INFO: {commit=} 0 371
Feb 02, 2014 12:25:54 PM org.apache.solr.core.SolrCore execute
INFO: [] webapp=/solr path=/update params={wt=ruby} status=0 QTime=371 
Feb 02, 2014 4:02:15 PM org.apache.solr.core.SolrCore execute
INFO: [] webapp=/solr path=/select params={fl=*+score&start=0&q=blade&qf=title_text+description_text&wt=ruby&fq=type:Board&defType=dismax&rows=30} hits=0 status=0 QTime=34 
Feb 02, 2014 4:02:15 PM org.apache.solr.core.SolrCore execute
INFO: [] webapp=/solr path=/select params={fl=*+score&start=0&q=blade&qf=name_text+image_text&wt=ruby&fq=type:Pin&defType=dismax&rows=30} hits=1 status=0 QTime=19 
Feb 02, 2014 4:02:52 PM org.apache.solr.core.SolrCore execute
INFO: [] webapp=/solr path=/select params={fl=*+score&start=0&q=au&qf=title_text+description_text&wt=ruby&fq=type:Board&defType=dismax&rows=30} hits=0 status=0 QTime=10 
Feb 02, 2014 4:02:52 PM org.apache.solr.core.SolrCore execute
INFO: [] webapp=/solr path=/select params={fl=*+score&start=0&q=au&qf=name_text+image_text&wt=ruby&fq=type:Pin&defType=dismax&rows=30} hits=3 status=0 QTime=10 
Feb 02, 2014 5:25:13 PM org.apache.solr.core.SolrCore execute
INFO: [] webapp=/solr path=/select params={fl=*+score&start=0&q=photo&qf=title_text+description_text&wt=ruby&fq=type:Board&defType=dismax&rows=30} hits=0 status=0 QTime=6 
Feb 02, 2014 5:25:13 PM org.apache.solr.core.SolrCore execute
INFO: [] webapp=/solr path=/select params={fl=*+score&start=0&q=photo&qf=name_text+image_text&wt=ruby&fq=type:Pin&defType=dismax&rows=30} hits=0 status=0 QTime=12 
